C:\USERS\MARCUS\DOCUMENTS\SCHOOL\CMPUT-302\PROJECT\MYOSIGNALCAPTURE\MYOSIGNALCAPTURE\DEBUG\SOURCE.OBJ
C:\USERS\MARCUS\DOCUMENTS\SCHOOL\CMPUT-302\PROJECT\MYOSIGNALCAPTURE\MYOSIGNALCAPTURE\DEBUG\VC110.PDB
C:\USERS\MARCUS\DOCUMENTS\SCHOOL\CMPUT-302\PROJECT\MYOSIGNALCAPTURE\MYOSIGNALCAPTURE\DEBUG\DATACOLLECTOR.OBJ
C:\USERS\MARCUS\DOCUMENTS\SCHOOL\CMPUT-302\PROJECT\MYOSIGNALCAPTURE\DEBUG\MYOSIGNALCAPTURE.ILK
C:\USERS\MARCUS\DOCUMENTS\SCHOOL\CMPUT-302\PROJECT\MYOSIGNALCAPTURE\DEBUG\MYOSIGNALCAPTURE.EXE
C:\USERS\MARCUS\DOCUMENTS\SCHOOL\CMPUT-302\PROJECT\MYOSIGNALCAPTURE\DEBUG\MYOSIGNALCAPTURE.PDB
C:\Users\Marcus\Documents\School\Cmput-302\Project\MyoSignalCapture\MyoSignalCapture\Debug\DataCollector.obj
C:\Users\Marcus\Documents\School\Cmput-302\Project\MyoSignalCapture\MyoSignalCapture\Debug\Source.obj
C:\Users\Marcus\Documents\School\Cmput-302\Project\MyoSignalCapture\MyoSignalCapture\Debug\cl.command.1.tlog
C:\Users\Marcus\Documents\School\Cmput-302\Project\MyoSignalCapture\MyoSignalCapture\Debug\CL.read.1.tlog
C:\Users\Marcus\Documents\School\Cmput-302\Project\MyoSignalCapture\MyoSignalCapture\Debug\CL.write.1.tlog
C:\Users\Marcus\Documents\School\Cmput-302\Project\MyoSignalCapture\MyoSignalCapture\Debug\link-cvtres.read.1.tlog
C:\Users\Marcus\Documents\School\Cmput-302\Project\MyoSignalCapture\MyoSignalCapture\Debug\link-cvtres.write.1.tlog
C:\Users\Marcus\Documents\School\Cmput-302\Project\MyoSignalCapture\MyoSignalCapture\Debug\link-rc.read.1.tlog
C:\Users\Marcus\Documents\School\Cmput-302\Project\MyoSignalCapture\MyoSignalCapture\Debug\link-rc.write.1.tlog
C:\Users\Marcus\Documents\School\Cmput-302\Project\MyoSignalCapture\MyoSignalCapture\Debug\link.3788-cvtres.read.1.tlog
C:\Users\Marcus\Documents\School\Cmput-302\Project\MyoSignalCapture\MyoSignalCapture\Debug\link.3788-cvtres.write.1.tlog
C:\Users\Marcus\Documents\School\Cmput-302\Project\MyoSignalCapture\MyoSignalCapture\Debug\link.3788-rc.read.1.tlog
C:\Users\Marcus\Documents\School\Cmput-302\Project\MyoSignalCapture\MyoSignalCapture\Debug\link.3788-rc.write.1.tlog
C:\Users\Marcus\Documents\School\Cmput-302\Project\MyoSignalCapture\MyoSignalCapture\Debug\link.3788.read.1.tlog
C:\Users\Marcus\Documents\School\Cmput-302\Project\MyoSignalCapture\MyoSignalCapture\Debug\link.3788.write.1.tlog
C:\Users\Marcus\Documents\School\Cmput-302\Project\MyoSignalCapture\MyoSignalCapture\Debug\link.6336-cvtres.read.1.tlog
C:\Users\Marcus\Documents\School\Cmput-302\Project\MyoSignalCapture\MyoSignalCapture\Debug\link.6336-cvtres.write.1.tlog
C:\Users\Marcus\Documents\School\Cmput-302\Project\MyoSignalCapture\MyoSignalCapture\Debug\link.6336-rc.read.1.tlog
C:\Users\Marcus\Documents\School\Cmput-302\Project\MyoSignalCapture\MyoSignalCapture\Debug\link.6336-rc.write.1.tlog
C:\Users\Marcus\Documents\School\Cmput-302\Project\MyoSignalCapture\MyoSignalCapture\Debug\link.6336.read.1.tlog
C:\Users\Marcus\Documents\School\Cmput-302\Project\MyoSignalCapture\MyoSignalCapture\Debug\link.6336.write.1.tlog
C:\Users\Marcus\Documents\School\Cmput-302\Project\MyoSignalCapture\MyoSignalCapture\Debug\link.command.1.tlog
C:\Users\Marcus\Documents\School\Cmput-302\Project\MyoSignalCapture\MyoSignalCapture\Debug\link.read.1.tlog
C:\Users\Marcus\Documents\School\Cmput-302\Project\MyoSignalCapture\MyoSignalCapture\Debug\link.write.1.tlog
C:\Users\Marcus\Documents\School\Cmput-302\Project\MyoSignalCapture\MyoSignalCapture\Debug\vc110.idb
C:\Users\Marcus\Documents\School\Cmput-302\Project\MyoSignalCapture\MyoSignalCapture\Debug\vc110.pdb
C:\Users\Marcus\Documents\School\Cmput-302\Project\MyoSignalCapture\Debug\MyoSignalCapture.pdb
C:\Users\Marcus\Documents\School\Cmput-302\Project\MyoSignalCapture\Debug\MyoSignalCapture.exe
C:\Users\Marcus\Documents\School\Cmput-302\Project\MyoSignalCapture\Debug\MyoSignalCapture.ilk
